<?xml version="1.0" encoding="UTF-8"?>
<!-- Generated by org.testng.reporters.JUnitXMLReporter -->
<testsuite hostname="IQA_Abhilash" ignored="0" name="Test" tests="2" failures="0" timestamp="09 Jul 2018 09:27:23 GMT" time="19.375" errors="0">
  <testcase name="@BeforeClass createInstances" time="0.01" classname="com.StudentApp.tests.PagesInstances">
    <failure type="java.util.MissingResourceException" message="Can&amp;apos;t find bundle for base name HomePage, locale en_US">
      <![CDATA[java.util.MissingResourceException: Can't find bundle for base name HomePage, locale en_US
at java.util.ResourceBundle.throwMissingResourceException(Unknown Source)
at java.util.ResourceBundle.getBundleImpl(Unknown Source)
at java.util.ResourceBundle.getBundle(Unknown Source)
at com.StudentApp.tests.PagesInstances.createInstances(PagesInstances.java:25)
... Removed 26 stack frames]]>
    </failure>
  </testcase> <!-- @BeforeClass createInstances -->
  <testcase name="@AfterClass stop" time="0.0" classname="com.StudentApp.base.Configuration">
    <skipped/>
  </testcase> <!-- @AfterClass stop -->
  <testcase name="@BeforeClass start" time="0.0" classname="com.StudentApp.base.Configuration">
    <skipped/>
  </testcase> <!-- @BeforeClass start -->
  <testcase name="@BeforeClass createInstances" time="0.0" classname="com.StudentApp.tests.PagesInstances">
    <skipped/>
  </testcase> <!-- @BeforeClass createInstances -->
  <testcase name="@AfterClass stop" time="0.0" classname="com.StudentApp.base.Configuration">
    <skipped/>
  </testcase> <!-- @AfterClass stop -->
  <testcase name="TC_001_verify_loginpanel_section" time="0.0" classname="com.StudentApp.tests.Test_WelcomePage">
    <skipped/>
  </testcase> <!-- TC_001_verify_loginpanel_section -->
  <testcase name="TC001_Login_With_Credentials" time="0.0" classname="com.StudentApp.tests.Test_Login">
    <skipped/>
  </testcase> <!-- TC001_Login_With_Credentials -->
</testsuite> <!-- Test -->
