<?xml version="1.0" encoding="UTF-8"?>
<!-- Generated by org.testng.reporters.JUnitXMLReporter -->
<testsuite ignored="0" hostname="IQA-AbhilashS" failures="0" tests="2" name="Test" time="196.77" errors="0" timestamp="28 Jun 2018 10:46:18 GMT">
  <testcase classname="com.StudentApp.tests.Test_WelcomePage" name="TC_001_verify_loginpanel_section" time="45.805"/>
  <testcase classname="com.StudentApp.tests.Test_Login" name="TC001_Login_With_Credentials" time="60.642"/>
</testsuite> <!-- Test -->
