<?xml version="1.0" encoding="UTF-8"?>
<!-- Generated by org.testng.reporters.JUnitXMLReporter -->
<testsuite hostname="DLDA1799" ignored="2" name="Test1" tests="6" failures="6" timestamp="26 Jun 2018 07:37:27 GMT" time="0.046" errors="0">
  <testcase name="TC_001_verify_loginpanel_section" time="0.006" classname="com.qait.tests.Test_WelcomePage">
    <failure type="java.lang.NullPointerException">
      <![CDATA[java.lang.NullPointerException
at com.qait.pages.WelcomePage.click_LoginPanel_section(WelcomePage.java:19)
at com.qait.tests.Test_WelcomePage.TC_001_verify_loginpanel_section(Test_WelcomePage.java:15)
... Removed 25 stack frames]]>
    </failure>
  </testcase> <!-- TC_001_verify_loginpanel_section -->
  <testcase name="TC_002_verify_aboutHRIS_section" time="0.001" classname="com.qait.tests.Test_WelcomePage">
    <failure type="java.lang.NullPointerException">
      <![CDATA[java.lang.NullPointerException
at com.qait.pages.WelcomePage.click_AboutHRIS_section(WelcomePage.java:24)
at com.qait.tests.Test_WelcomePage.TC_002_verify_aboutHRIS_section(Test_WelcomePage.java:24)
... Removed 25 stack frames]]>
    </failure>
  </testcase> <!-- TC_002_verify_aboutHRIS_section -->
  <testcase name="TC_003_verify_celebration_section" time="0.001" classname="com.qait.tests.Test_WelcomePage">
    <failure type="java.lang.NullPointerException">
      <![CDATA[java.lang.NullPointerException
at com.qait.pages.WelcomePage.click_Celebration_section(WelcomePage.java:29)
at com.qait.tests.Test_WelcomePage.TC_003_verify_celebration_section(Test_WelcomePage.java:35)
... Removed 25 stack frames]]>
    </failure>
  </testcase> <!-- TC_003_verify_celebration_section -->
  <testcase name="TC_005_verify_hrpolicy_section" time="0.001" classname="com.qait.tests.Test_WelcomePage">
    <failure type="java.lang.NullPointerException">
      <![CDATA[java.lang.NullPointerException
at com.qait.pages.WelcomePage.click_hrpolicy_section(WelcomePage.java:43)
at com.qait.tests.Test_WelcomePage.TC_005_verify_hrpolicy_section(Test_WelcomePage.java:59)
... Removed 25 stack frames]]>
    </failure>
  </testcase> <!-- TC_005_verify_hrpolicy_section -->
  <testcase name="TC_006_verify_foodmenu_section" time="0.001" classname="com.qait.tests.Test_WelcomePage">
    <failure type="java.lang.NullPointerException">
      <![CDATA[java.lang.NullPointerException
at com.qait.pages.WelcomePage.click_foodmenu_section(WelcomePage.java:48)
at com.qait.tests.Test_WelcomePage.TC_006_verify_foodmenu_section(Test_WelcomePage.java:114)
... Removed 25 stack frames]]>
    </failure>
  </testcase> <!-- TC_006_verify_foodmenu_section -->
  <testcase name="TC_007_verify_didyouknow_section" time="0.001" classname="com.qait.tests.Test_WelcomePage">
    <failure type="java.lang.NullPointerException">
      <![CDATA[java.lang.NullPointerException
at com.qait.pages.WelcomePage.click_didyouknow_section(WelcomePage.java:53)
at com.qait.tests.Test_WelcomePage.TC_007_verify_didyouknow_section(Test_WelcomePage.java:133)
... Removed 25 stack frames]]>
    </failure>
  </testcase> <!-- TC_007_verify_didyouknow_section -->
  <testcase name="TC_004_verify_qaitupdates_section" time="0.0" classname="com.qait.tests.Test_WelcomePage">
    <ignored/>
  </testcase> <!-- TC_004_verify_qaitupdates_section -->
  <testcase name="TC_008_verify_payrollLink_section" time="0.0" classname="com.qait.tests.Test_WelcomePage">
    <ignored/>
  </testcase> <!-- TC_008_verify_payrollLink_section -->
</testsuite> <!-- Test1 -->
